[INFO] Scanning for projects...
[INFO] 
[INFO] ---------------------------< cts:logitrack >----------------------------
[INFO] Building logitrack 0.0.1-SNAPSHOT
[INFO]   from pom.xml
[INFO] --------------------------------[ jar ]---------------------------------
[INFO] 
[INFO] >>> spring-boot:3.2.5:run (default-cli) > test-compile @ logitrack >>>
[INFO] 
[INFO] --- resources:3.3.1:resources (default-resources) @ logitrack ---
[INFO] Copying 1 resource from src\main\resources to target\classes
[INFO] Copying 0 resource from src\main\resources to target\classes
[INFO] 
[INFO] --- compiler:3.11.0:compile (default-compile) @ logitrack ---
[INFO] Nothing to compile - all classes are up to date
[INFO] 
[INFO] --- resources:3.3.1:testResources (default-testResources) @ logitrack ---
[INFO] skip non existing resourceDirectory C:\Users\2507295\OneDrive - Cognizant\Desktop\LogiTrack-backend\src\test\resources
[INFO] 
[INFO] --- compiler:3.11.0:testCompile (default-testCompile) @ logitrack ---
[INFO] Nothing to compile - all classes are up to date
[INFO] 
[INFO] <<< spring-boot:3.2.5:run (default-cli) < test-compile @ logitrack <<<
[INFO] 
[INFO] 
[INFO] --- spring-boot:3.2.5:run (default-cli) @ logitrack ---
[INFO] Attaching agents: []

  .   ____          _            __ _ _
 /\\ / ___'_ __ _ _(_)_ __  __ _ \ \ \ \
( ( )\___ | '_ | '_| | '_ \/ _` | \ \ \ \
 \\/  ___)| |_)| | | | | || (_| |  ) ) ) )
  '  |____| .__|_| |_|_| |_\__, | / / / /
 =========|_|==============|___/=/_/_/_/
 :: Spring Boot ::                (v3.2.5)

2026-06-15T16:43:52.969+05:30  INFO 30316 --- [logitrack] [           main] c.c.logitrack.LogiTrackApplication       : Starting LogiTrackApplication using Java 21.0.2 with PID 30316 (C:\Users\2507295\OneDrive - Cognizant\Desktop\LogiTrack-backend\target\classes started by 2507295 in C:\Users\2507295\OneDrive - Cognizant\Desktop\LogiTrack-backend)
2026-06-15T16:43:52.971+05:30 DEBUG 30316 --- [logitrack] [           main] c.c.logitrack.LogiTrackApplication       : Running with Spring Boot v3.2.5, Spring v6.1.6
2026-06-15T16:43:52.972+05:30  INFO 30316 --- [logitrack] [           main] c.c.logitrack.LogiTrackApplication       : No active profile set, falling back to 1 default profile: "default"
2026-06-15T16:43:54.361+05:30  INFO 30316 --- [logitrack] [           main] .s.d.r.c.RepositoryConfigurationDelegate : Bootstrapping Spring Data JPA repositories in DEFAULT mode.
2026-06-15T16:43:54.812+05:30  INFO 30316 --- [logitrack] [           main] .s.d.r.c.RepositoryConfigurationDelegate : Finished Spring Data repository scanning in 430 ms. Found 17 JPA repository interfaces.
2026-06-15T16:43:56.470+05:30  INFO 30316 --- [logitrack] [           main] o.s.b.w.embedded.tomcat.TomcatWebServer  : Tomcat initialized with port 8085 (http)
2026-06-15T16:43:56.509+05:30  INFO 30316 --- [logitrack] [           main] o.apache.catalina.core.StandardService   : Starting service [Tomcat]
2026-06-15T16:43:56.509+05:30  INFO 30316 --- [logitrack] [           main] o.apache.catalina.core.StandardEngine    : Starting Servlet engine: [Apache Tomcat/10.1.20]
2026-06-15T16:43:56.674+05:30  INFO 30316 --- [logitrack] [           main] o.a.c.c.C.[Tomcat].[localhost].[/]       : Initializing Spring embedded WebApplicationContext
2026-06-15T16:43:56.676+05:30  INFO 30316 --- [logitrack] [           main] w.s.c.ServletWebServerApplicationContext : Root WebApplicationContext: initialization completed in 3645 ms
2026-06-15T16:43:56.790+05:30 DEBUG 30316 --- [logitrack] [           main] c.c.logitrack.security.JwtFilter         : Filter 'jwtFilter' configured for use
2026-06-15T16:43:57.019+05:30  INFO 30316 --- [logitrack] [           main] o.hibernate.jpa.internal.util.LogHelper  : HHH000204: Processing PersistenceUnitInfo [name: default]
2026-06-15T16:43:57.183+05:30  INFO 30316 --- [logitrack] [           main] org.hibernate.Version                    : HHH000412: Hibernate ORM core version 6.4.4.Final
2026-06-15T16:43:57.266+05:30  INFO 30316 --- [logitrack] [           main] o.h.c.internal.RegionFactoryInitiator    : HHH000026: Second-level cache disabled
2026-06-15T16:43:57.876+05:30  INFO 30316 --- [logitrack] [           main] o.s.o.j.p.SpringPersistenceUnitInfo      : No LoadTimeWeaver setup: ignoring JPA class transformer
2026-06-15T16:43:57.943+05:30  INFO 30316 --- [logitrack] [           main] com.zaxxer.hikari.HikariDataSource       : HikariPool-1 - Starting...
2026-06-15T16:43:58.599+05:30  INFO 30316 --- [logitrack] [           main] com.zaxxer.hikari.pool.HikariPool        : HikariPool-1 - Added connection com.mysql.cj.jdbc.ConnectionImpl@780ee3ad
2026-06-15T16:43:58.602+05:30  INFO 30316 --- [logitrack] [           main] com.zaxxer.hikari.HikariDataSource       : HikariPool-1 - Start completed.
2026-06-15T16:43:58.663+05:30  WARN 30316 --- [logitrack] [           main] org.hibernate.orm.deprecation            : HHH90000025: MySQL8Dialect does not need to be specified explicitly using 'hibernate.dialect' (remove the property setting and it will be selected by default)
2026-06-15T16:43:58.665+05:30  WARN 30316 --- [logitrack] [           main] org.hibernate.orm.deprecation            : HHH90000026: MySQL8Dialect has been deprecated; use org.hibernate.dialect.MySQLDialect instead
2026-06-15T16:44:01.066+05:30  INFO 30316 --- [logitrack] [           main] o.h.e.t.j.p.i.JtaPlatformInitiator       : HHH000489: No JTA platform available (set 'hibernate.transaction.jta.platform' to enable JTA platform integration)
2026-06-15T16:44:01.369+05:30  INFO 30316 --- [logitrack] [           main] j.LocalContainerEntityManagerFactoryBean : Initialized JPA EntityManagerFactory for persistence unit 'default'
2026-06-15T16:44:02.640+05:30  WARN 30316 --- [logitrack] [           main] JpaBaseConfiguration$JpaWebConfiguration : spring.jpa.open-in-view is enabled by default. Therefore, database queries may be performed during view rendering. Explicitly configure spring.jpa.open-in-view to disable this warning
2026-06-15T16:44:02.683+05:30  WARN 30316 --- [logitrack] [           main] .s.s.UserDetailsServiceAutoConfiguration : 

Using generated security password: 746128c2-6026-4647-82c1-7bbcc2e3a1a4

This generated password is for development use only. Your security configuration must be updated before running your application in production.

2026-06-15T16:44:03.208+05:30  INFO 30316 --- [logitrack] [           main] o.s.s.web.DefaultSecurityFilterChain     : Will secure any request with [org.springframework.security.web.session.DisableEncodeUrlFilter@126ae0ca, org.springframework.security.web.context.request.async.WebAsyncManagerIntegrationFilter@59e24c62, org.springframework.security.web.context.SecurityContextHolderFilter@734eada1, org.springframework.security.web.header.HeaderWriterFilter@4a304820, org.springframework.web.filter.CorsFilter@5379488c, org.springframework.security.web.authentication.logout.LogoutFilter@7200702, com.cognizant.logitrack.security.JwtFilter@679dd234, org.springframework.security.web.savedrequest.RequestCacheAwareFilter@4d0b8b8b, org.springframework.security.web.servletapi.SecurityContextHolderAwareRequestFilter@6f18445b, org.springframework.security.web.authentication.AnonymousAuthenticationFilter@744c16fb, org.springframework.security.web.session.SessionManagementFilter@637de489, org.springframework.security.web.access.ExceptionTranslationFilter@3b24fb6f, org.springframework.security.web.access.intercept.AuthorizationFilter@362fbd98]
2026-06-15T16:44:03.579+05:30  WARN 30316 --- [logitrack] [           main] ConfigServletWebServerApplicationContext : Exception encountered during context initialization - cancelling refresh attempt: org.springframework.context.ApplicationContextException: Failed to start bean 'webServerStartStop'
2026-06-15T16:44:03.583+05:30  INFO 30316 --- [logitrack] [           main] j.LocalContainerEntityManagerFactoryBean : Closing JPA EntityManagerFactory for persistence unit 'default'
2026-06-15T16:44:03.585+05:30  INFO 30316 --- [logitrack] [           main] com.zaxxer.hikari.HikariDataSource       : HikariPool-1 - Shutdown initiated...
2026-06-15T16:44:03.596+05:30  INFO 30316 --- [logitrack] [           main] com.zaxxer.hikari.HikariDataSource       : HikariPool-1 - Shutdown completed.
2026-06-15T16:44:03.610+05:30  INFO 30316 --- [logitrack] [           main] .s.b.a.l.ConditionEvaluationReportLogger : 

Error starting ApplicationContext. To display the condition evaluation report re-run your application with 'debug' enabled.
2026-06-15T16:44:03.637+05:30 ERROR 30316 --- [logitrack] [           main] o.s.b.d.LoggingFailureAnalysisReporter   : 

***************************
APPLICATION FAILED TO START
***************************

Description:

Web server failed to start. Port 8085 was already in use.

Action:

Identify and stop the process that's listening on port 8085 or configure this application to listen on another port.

[INFO] ------------------------------------------------------------------------
[INFO] BUILD FAILURE
[INFO] ------------------------------------------------------------------------
[INFO] Total time:  17.291 s
[INFO] Finished at: 2026-06-15T16:44:04+05:30
[INFO] ------------------------------------------------------------------------
[ERROR] Failed to execute goal org.springframework.boot:spring-boot-maven-plugin:3.2.5:run (default-cli) on project logitrack: Process terminated with exit code: 1 -> [Help 1]
[ERROR] 
[ERROR] To see the full stack trace of the errors, re-run Maven with the -e switch.
[ERROR] Re-run Maven using the -X switch to enable full debug logging.
[ERROR] 
[ERROR] For more information about the errors and possible solutions, please read the following articles:
[ERROR] [Help 1] http://cwiki.apache.org/confluence/display/MAVEN/MojoExecutionException
